<?xml version="1.0" encoding="UTF-8"?>
<testng-results skipped="0" failed="0" ignored="0" total="1" passed="1">
  <reporter-output>
  </reporter-output>
  <suite name="Default suite" duration-ms="13129" started-at="2020-01-21T05:37:20Z" finished-at="2020-01-21T05:37:33Z">
    <groups>
    </groups>
    <test name="Default test" duration-ms="13129" started-at="2020-01-21T05:37:20Z" finished-at="2020-01-21T05:37:33Z">
      <class name="p1.DevopsTest">
        <test-method status="PASS" signature="beforeTest()[pri:0, instance:p1.DevopsTest@15530b9]" name="beforeTest" is-config="true" duration-ms="5213" started-at="2020-01-21T05:37:20Z" finished-at="2020-01-21T05:37:25Z">
          <reporter-output>
          </reporter-output>
        </test-method> <!-- beforeTest -->
        <test-method status="PASS" signature="openBrowser()[pri:0, instance:p1.DevopsTest@15530b9]" name="openBrowser" duration-ms="5157" started-at="2020-01-21T05:37:25Z" finished-at="2020-01-21T05:37:31Z">
          <reporter-output>
          </reporter-output>
        </test-method> <!-- openBrowser -->
        <test-method status="PASS" signature="afterTest()[pri:0, instance:p1.DevopsTest@15530b9]" name="afterTest" is-config="true" duration-ms="2736" started-at="2020-01-21T05:37:31Z" finished-at="2020-01-21T05:37:33Z">
          <reporter-output>
          </reporter-output>
        </test-method> <!-- afterTest -->
      </class> <!-- p1.DevopsTest -->
    </test> <!-- Default test -->
  </suite> <!-- Default suite -->
</testng-results>
